2020-06-19 11:22:41,775 INFO o.a.j.u.JMeterUtils: Setting Locale to en_EN
2020-06-19 11:22:41,793 INFO o.a.j.JMeter: Loading user properties from: /home/renault/Documents/loadbalancefinal/client/apache-jmeter-5.3/bin/user.properties
2020-06-19 11:22:41,794 INFO o.a.j.JMeter: Loading system properties from: /home/renault/Documents/loadbalancefinal/client/apache-jmeter-5.3/bin/system.properties
2020-06-19 11:22:41,795 INFO o.a.j.JMeter: Copyright (c) 1998-2020 The Apache Software Foundation
2020-06-19 11:22:41,795 INFO o.a.j.JMeter: Version 5.3
2020-06-19 11:22:41,795 INFO o.a.j.JMeter: java.version=11.0.7
2020-06-19 11:22:41,795 INFO o.a.j.JMeter: java.vm.name=OpenJDK 64-Bit Server VM
2020-06-19 11:22:41,795 INFO o.a.j.JMeter: os.name=Linux
2020-06-19 11:22:41,795 INFO o.a.j.JMeter: os.arch=amd64
2020-06-19 11:22:41,795 INFO o.a.j.JMeter: os.version=4.15.0-96-generic
2020-06-19 11:22:41,795 INFO o.a.j.JMeter: file.encoding=UTF-8
2020-06-19 11:22:41,795 INFO o.a.j.JMeter: java.awt.headless=true
2020-06-19 11:22:41,795 INFO o.a.j.JMeter: Max memory     =1073741824
2020-06-19 11:22:41,796 INFO o.a.j.JMeter: Available Processors =4
2020-06-19 11:22:41,802 INFO o.a.j.JMeter: Default Locale=English (EN)
2020-06-19 11:22:41,803 INFO o.a.j.JMeter: JMeter  Locale=English (EN)
2020-06-19 11:22:41,803 INFO o.a.j.JMeter: JMeterHome=/home/renault/Documents/loadbalancefinal/client/apache-jmeter-5.3
2020-06-19 11:22:41,803 INFO o.a.j.JMeter: user.dir  =/home/renault/Documents/loadbalancefinal/client
2020-06-19 11:22:41,803 INFO o.a.j.JMeter: PWD       =/home/renault/Documents/loadbalancefinal/client
2020-06-19 11:22:41,803 INFO o.a.j.JMeter: IP: 127.0.1.1 Name: sopl205 FullName: sopl205.sop.renault.fr
2020-06-19 11:22:41,807 INFO o.a.j.s.FileServer: Default base='/home/renault/Documents/loadbalancefinal/client'
2020-06-19 11:22:41,809 INFO o.a.j.s.FileServer: Set new base='/home/renault/Documents/loadbalancefinal/client'
2020-06-19 11:22:41,908 INFO o.a.j.s.SaveService: Testplan (JMX) version: 2.2. Testlog (JTL) version: 2.2
2020-06-19 11:22:41,925 INFO o.a.j.s.SaveService: Using SaveService properties version 5.0
2020-06-19 11:22:41,929 INFO o.a.j.s.SaveService: Using SaveService properties file encoding UTF-8
2020-06-19 11:22:41,932 INFO o.a.j.s.SaveService: Loading file: sample.jmx
2020-06-19 11:22:41,968 INFO o.a.j.p.h.s.HTTPSamplerBase: Parser for text/html is org.apache.jmeter.protocol.http.parser.LagartoBasedHtmlParser
2020-06-19 11:22:41,968 INFO o.a.j.p.h.s.HTTPSamplerBase: Parser for application/xhtml+xml is org.apache.jmeter.protocol.http.parser.LagartoBasedHtmlParser
2020-06-19 11:22:41,968 INFO o.a.j.p.h.s.HTTPSamplerBase: Parser for application/xml is org.apache.jmeter.protocol.http.parser.LagartoBasedHtmlParser
2020-06-19 11:22:41,968 INFO o.a.j.p.h.s.HTTPSamplerBase: Parser for text/xml is org.apache.jmeter.protocol.http.parser.LagartoBasedHtmlParser
2020-06-19 11:22:41,968 INFO o.a.j.p.h.s.HTTPSamplerBase: Parser for text/vnd.wap.wml is org.apache.jmeter.protocol.http.parser.RegexpHTMLParser
2020-06-19 11:22:41,969 INFO o.a.j.p.h.s.HTTPSamplerBase: Parser for text/css is org.apache.jmeter.protocol.http.parser.CssParser
2020-06-19 11:22:41,992 INFO o.a.j.JMeter: Creating summariser <summary>
2020-06-19 11:22:41,996 INFO o.a.j.e.StandardJMeterEngine: Running the test!
2020-06-19 11:22:41,997 INFO o.a.j.s.SampleEvent: List of sample_variables: []
2020-06-19 11:22:41,997 INFO o.a.j.s.SampleEvent: List of sample_variables: []
2020-06-19 11:22:42,006 INFO o.a.j.e.u.CompoundVariable: Note: Function class names must contain the string: '.functions.'
2020-06-19 11:22:42,006 INFO o.a.j.e.u.CompoundVariable: Note: Function class names must not contain the string: '.gui.'
2020-06-19 11:22:42,221 INFO o.a.j.JMeter: Running test (1592558562221)
2020-06-19 11:22:42,241 INFO o.a.j.e.StandardJMeterEngine: Starting ThreadGroup: 1 : Thread Group
2020-06-19 11:22:42,241 INFO o.a.j.e.StandardJMeterEngine: Starting 200 threads for group Thread Group.
2020-06-19 11:22:42,241 INFO o.a.j.e.StandardJMeterEngine: Thread will continue on error
2020-06-19 11:22:42,241 INFO o.a.j.t.ThreadGroup: Starting thread group... number=1 threads=200 ramp-up=1 delayedStart=false
2020-06-19 11:22:42,249 INFO o.a.j.t.JMeterThread: Thread started: Thread Group 1-1
2020-06-19 11:22:42,251 INFO o.a.j.t.JMeterThread: Thread started: Thread Group 1-2
2020-06-19 11:22:42,256 INFO o.a.j.t.JMeterThread: Thread started: Thread Group 1-3
2020-06-19 11:22:42,261 INFO o.a.j.t.JMeterThread: Thread started: Thread Group 1-4
2020-06-19 11:22:42,264 INFO o.a.j.t.JMeterThread: Thread started: Thread Group 1-5
2020-06-19 11:22:42,270 INFO o.a.j.t.JMeterThread: Thread started: Thread Group 1-6
2020-06-19 11:22:42,274 INFO o.a.j.p.h.s.HTTPHCAbstractImpl: Local host = sopl205
2020-06-19 11:22:42,280 INFO o.a.j.p.h.s.HTTPHC4Impl: HTTP request retry count = 0
2020-06-19 11:22:42,281 INFO o.a.j.s.SampleResult: Note: Sample TimeStamps are START times
2020-06-19 11:22:42,282 INFO o.a.j.s.SampleResult: sampleresult.default.encoding is set to ISO-8859-1
2020-06-19 11:22:42,282 INFO o.a.j.s.SampleResult: sampleresult.useNanoTime=true
2020-06-19 11:22:42,282 INFO o.a.j.s.SampleResult: sampleresult.nanoThreadSleep=5000
2020-06-19 11:22:42,283 INFO o.a.j.t.JMeterThread: Thread started: Thread Group 1-7
2020-06-19 11:22:42,291 INFO o.a.j.t.JMeterThread: Thread started: Thread Group 1-8
2020-06-19 11:22:42,292 INFO o.a.j.t.JMeterThread: Thread started: Thread Group 1-9
2020-06-19 11:22:42,297 INFO o.a.j.t.JMeterThread: Thread started: Thread Group 1-10
2020-06-19 11:22:42,301 INFO o.a.j.t.JMeterThread: Thread started: Thread Group 1-11
2020-06-19 11:22:42,306 INFO o.a.j.t.JMeterThread: Thread started: Thread Group 1-12
2020-06-19 11:22:42,310 INFO o.a.j.t.JMeterThread: Thread started: Thread Group 1-13
2020-06-19 11:22:42,315 INFO o.a.j.t.JMeterThread: Thread started: Thread Group 1-14
2020-06-19 11:22:42,318 INFO o.a.j.t.JMeterThread: Thread started: Thread Group 1-15
2020-06-19 11:22:42,323 INFO o.a.j.t.JMeterThread: Thread started: Thread Group 1-16
2020-06-19 11:22:42,328 INFO o.a.j.t.JMeterThread: Thread started: Thread Group 1-17
2020-06-19 11:22:42,337 INFO o.a.j.t.JMeterThread: Thread started: Thread Group 1-19
2020-06-19 11:22:42,340 INFO o.a.j.t.JMeterThread: Thread started: Thread Group 1-18
2020-06-19 11:22:42,342 INFO o.a.j.t.JMeterThread: Thread started: Thread Group 1-20
2020-06-19 11:22:42,343 INFO o.a.j.t.JMeterThread: Thread started: Thread Group 1-21
2020-06-19 11:22:42,352 INFO o.a.j.t.JMeterThread: Thread started: Thread Group 1-23
2020-06-19 11:22:42,352 INFO o.a.j.t.JMeterThread: Thread started: Thread Group 1-22
2020-06-19 11:22:42,357 INFO o.a.j.t.JMeterThread: Thread started: Thread Group 1-24
2020-06-19 11:22:42,361 INFO o.a.j.t.JMeterThread: Thread started: Thread Group 1-25
2020-06-19 11:22:42,367 INFO o.a.j.t.JMeterThread: Thread started: Thread Group 1-26
2020-06-19 11:22:42,372 INFO o.a.j.t.JMeterThread: Thread started: Thread Group 1-27
2020-06-19 11:22:42,376 INFO o.a.j.t.JMeterThread: Thread started: Thread Group 1-28
2020-06-19 11:22:42,387 INFO o.a.j.t.JMeterThread: Thread started: Thread Group 1-30
2020-06-19 11:22:42,389 INFO o.a.j.t.JMeterThread: Thread started: Thread Group 1-29
2020-06-19 11:22:42,392 INFO o.a.j.t.JMeterThread: Thread started: Thread Group 1-31
2020-06-19 11:22:42,399 INFO o.a.j.t.JMeterThread: Thread started: Thread Group 1-32
2020-06-19 11:22:42,404 INFO o.a.j.t.JMeterThread: Thread started: Thread Group 1-33
2020-06-19 11:22:42,407 INFO o.a.j.t.JMeterThread: Thread started: Thread Group 1-34
2020-06-19 11:22:42,415 INFO o.a.j.t.JMeterThread: Thread started: Thread Group 1-35
2020-06-19 11:22:42,422 INFO o.a.j.t.JMeterThread: Thread started: Thread Group 1-37
2020-06-19 11:22:42,426 INFO o.a.j.t.JMeterThread: Thread started: Thread Group 1-36
2020-06-19 11:22:42,427 INFO o.a.j.t.JMeterThread: Thread started: Thread Group 1-38
2020-06-19 11:22:42,433 INFO o.a.j.t.JMeterThread: Thread started: Thread Group 1-39
2020-06-19 11:22:42,437 INFO o.a.j.t.JMeterThread: Thread started: Thread Group 1-40
2020-06-19 11:22:42,442 INFO o.a.j.t.JMeterThread: Thread started: Thread Group 1-41
2020-06-19 11:22:42,446 INFO o.a.j.t.JMeterThread: Thread started: Thread Group 1-42
2020-06-19 11:22:42,452 INFO o.a.j.t.JMeterThread: Thread started: Thread Group 1-43
2020-06-19 11:22:42,457 INFO o.a.j.t.JMeterThread: Thread started: Thread Group 1-44
2020-06-19 11:22:42,462 INFO o.a.j.t.JMeterThread: Thread started: Thread Group 1-45
2020-06-19 11:22:42,467 INFO o.a.j.t.JMeterThread: Thread started: Thread Group 1-46
2020-06-19 11:22:42,473 INFO o.a.j.t.JMeterThread: Thread started: Thread Group 1-47
2020-06-19 11:22:42,477 INFO o.a.j.t.JMeterThread: Thread started: Thread Group 1-48
2020-06-19 11:22:42,480 INFO o.a.j.t.ThreadGroup: Started thread group number 1
2020-06-19 11:22:42,480 INFO o.a.j.e.StandardJMeterEngine: All thread groups have been started
2020-06-19 11:22:42,481 INFO o.a.j.t.JMeterThread: Thread started: Thread Group 1-49
2020-06-19 11:22:42,487 INFO o.a.j.t.JMeterThread: Thread started: Thread Group 1-50
2020-06-19 11:22:42,493 INFO o.a.j.t.JMeterThread: Thread started: Thread Group 1-51
2020-06-19 11:22:42,501 INFO o.a.j.t.JMeterThread: Thread started: Thread Group 1-52
2020-06-19 11:22:42,504 INFO o.a.j.t.JMeterThread: Thread started: Thread Group 1-53
2020-06-19 11:22:42,507 INFO o.a.j.t.JMeterThread: Thread started: Thread Group 1-54
2020-06-19 11:22:42,512 INFO o.a.j.t.JMeterThread: Thread started: Thread Group 1-55
2020-06-19 11:22:42,517 INFO o.a.j.t.JMeterThread: Thread started: Thread Group 1-56
2020-06-19 11:22:42,522 INFO o.a.j.t.JMeterThread: Thread started: Thread Group 1-57
2020-06-19 11:22:42,526 INFO o.a.j.t.JMeterThread: Thread started: Thread Group 1-58
2020-06-19 11:22:42,531 INFO o.a.j.t.JMeterThread: Thread started: Thread Group 1-59
2020-06-19 11:22:42,536 INFO o.a.j.t.JMeterThread: Thread started: Thread Group 1-60
2020-06-19 11:22:42,542 INFO o.a.j.t.JMeterThread: Thread started: Thread Group 1-61
2020-06-19 11:22:42,551 INFO o.a.j.t.JMeterThread: Thread started: Thread Group 1-62
2020-06-19 11:22:42,559 INFO o.a.j.t.JMeterThread: Thread started: Thread Group 1-63
2020-06-19 11:22:42,559 INFO o.a.j.t.JMeterThread: Thread started: Thread Group 1-64
2020-06-19 11:22:42,563 INFO o.a.j.t.JMeterThread: Thread started: Thread Group 1-65
2020-06-19 11:22:42,567 INFO o.a.j.t.JMeterThread: Thread started: Thread Group 1-66
2020-06-19 11:22:42,572 INFO o.a.j.t.JMeterThread: Thread started: Thread Group 1-67
2020-06-19 11:22:42,577 INFO o.a.j.t.JMeterThread: Thread started: Thread Group 1-68
2020-06-19 11:22:42,582 INFO o.a.j.t.JMeterThread: Thread started: Thread Group 1-69
2020-06-19 11:22:42,587 INFO o.a.j.t.JMeterThread: Thread started: Thread Group 1-70
2020-06-19 11:22:42,592 INFO o.a.j.t.JMeterThread: Thread started: Thread Group 1-71
2020-06-19 11:22:42,597 INFO o.a.j.t.JMeterThread: Thread started: Thread Group 1-72
2020-06-19 11:22:42,601 INFO o.a.j.t.JMeterThread: Thread started: Thread Group 1-73
2020-06-19 11:22:42,607 INFO o.a.j.t.JMeterThread: Thread started: Thread Group 1-74
2020-06-19 11:22:42,612 INFO o.a.j.t.JMeterThread: Thread started: Thread Group 1-75
2020-06-19 11:22:42,618 INFO o.a.j.t.JMeterThread: Thread started: Thread Group 1-76
2020-06-19 11:22:42,622 INFO o.a.j.t.JMeterThread: Thread started: Thread Group 1-77
2020-06-19 11:22:42,626 INFO o.a.j.t.JMeterThread: Thread started: Thread Group 1-78
2020-06-19 11:22:42,637 INFO o.a.j.t.JMeterThread: Thread started: Thread Group 1-79
2020-06-19 11:22:42,639 INFO o.a.j.t.JMeterThread: Thread started: Thread Group 1-80
2020-06-19 11:22:42,650 INFO o.a.j.t.JMeterThread: Thread started: Thread Group 1-81
2020-06-19 11:22:42,654 INFO o.a.j.t.JMeterThread: Thread started: Thread Group 1-82
2020-06-19 11:22:42,655 INFO o.a.j.t.JMeterThread: Thread started: Thread Group 1-83
2020-06-19 11:22:42,659 INFO o.a.j.t.JMeterThread: Thread started: Thread Group 1-84
2020-06-19 11:22:42,663 INFO o.a.j.t.JMeterThread: Thread started: Thread Group 1-85
2020-06-19 11:22:42,669 INFO o.a.j.t.JMeterThread: Thread started: Thread Group 1-86
2020-06-19 11:22:42,674 INFO o.a.j.t.JMeterThread: Thread started: Thread Group 1-87
2020-06-19 11:22:42,677 INFO o.a.j.t.JMeterThread: Thread started: Thread Group 1-88
2020-06-19 11:22:42,686 INFO o.a.j.t.JMeterThread: Thread started: Thread Group 1-89
2020-06-19 11:22:42,694 INFO o.a.j.t.JMeterThread: Thread started: Thread Group 1-90
2020-06-19 11:22:42,695 INFO o.a.j.t.JMeterThread: Thread started: Thread Group 1-91
2020-06-19 11:22:42,705 INFO o.a.j.t.JMeterThread: Thread started: Thread Group 1-92
2020-06-19 11:22:42,706 INFO o.a.j.t.JMeterThread: Thread started: Thread Group 1-93
2020-06-19 11:22:42,707 INFO o.a.j.t.JMeterThread: Thread started: Thread Group 1-94
2020-06-19 11:22:42,712 INFO o.a.j.t.JMeterThread: Thread started: Thread Group 1-95
2020-06-19 11:22:42,721 INFO o.a.j.t.JMeterThread: Thread started: Thread Group 1-96
2020-06-19 11:22:42,723 INFO o.a.j.t.JMeterThread: Thread started: Thread Group 1-97
2020-06-19 11:22:42,728 INFO o.a.j.t.JMeterThread: Thread started: Thread Group 1-98
2020-06-19 11:22:42,741 INFO o.a.j.t.JMeterThread: Thread started: Thread Group 1-99
2020-06-19 11:22:42,743 INFO o.a.j.t.JMeterThread: Thread started: Thread Group 1-101
2020-06-19 11:22:42,746 INFO o.a.j.t.JMeterThread: Thread started: Thread Group 1-100
2020-06-19 11:22:42,752 INFO o.a.j.t.JMeterThread: Thread started: Thread Group 1-102
2020-06-19 11:22:42,754 INFO o.a.j.t.JMeterThread: Thread started: Thread Group 1-103
2020-06-19 11:22:42,758 INFO o.a.j.t.JMeterThread: Thread started: Thread Group 1-104
2020-06-19 11:22:42,764 INFO o.a.j.t.JMeterThread: Thread started: Thread Group 1-105
2020-06-19 11:22:42,767 INFO o.a.j.t.JMeterThread: Thread started: Thread Group 1-106
2020-06-19 11:22:42,773 INFO o.a.j.t.JMeterThread: Thread started: Thread Group 1-107
2020-06-19 11:22:42,777 INFO o.a.j.t.JMeterThread: Thread started: Thread Group 1-108
2020-06-19 11:22:42,782 INFO o.a.j.t.JMeterThread: Thread started: Thread Group 1-109
2020-06-19 11:22:42,787 INFO o.a.j.t.JMeterThread: Thread started: Thread Group 1-110
2020-06-19 11:22:42,792 INFO o.a.j.t.JMeterThread: Thread started: Thread Group 1-111
2020-06-19 11:22:42,796 INFO o.a.j.t.JMeterThread: Thread started: Thread Group 1-112
2020-06-19 11:22:42,802 INFO o.a.j.t.JMeterThread: Thread started: Thread Group 1-113
2020-06-19 11:22:42,807 INFO o.a.j.t.JMeterThread: Thread started: Thread Group 1-114
2020-06-19 11:22:42,813 INFO o.a.j.t.JMeterThread: Thread started: Thread Group 1-115
2020-06-19 11:22:42,823 INFO o.a.j.t.JMeterThread: Thread started: Thread Group 1-116
2020-06-19 11:22:42,838 INFO o.a.j.t.JMeterThread: Thread started: Thread Group 1-120
2020-06-19 11:22:42,841 INFO o.a.j.t.JMeterThread: Thread started: Thread Group 1-119
2020-06-19 11:22:42,842 INFO o.a.j.t.JMeterThread: Thread started: Thread Group 1-117
2020-06-19 11:22:42,844 INFO o.a.j.t.JMeterThread: Thread started: Thread Group 1-118
2020-06-19 11:22:42,844 INFO o.a.j.t.JMeterThread: Thread started: Thread Group 1-121
2020-06-19 11:22:42,848 INFO o.a.j.t.JMeterThread: Thread started: Thread Group 1-122
2020-06-19 11:22:42,855 INFO o.a.j.t.JMeterThread: Thread started: Thread Group 1-123
2020-06-19 11:22:42,859 INFO o.a.j.t.JMeterThread: Thread started: Thread Group 1-124
2020-06-19 11:22:42,861 INFO o.a.j.t.JMeterThread: Thread started: Thread Group 1-125
2020-06-19 11:22:42,867 INFO o.a.j.t.JMeterThread: Thread started: Thread Group 1-126
2020-06-19 11:22:42,872 INFO o.a.j.t.JMeterThread: Thread started: Thread Group 1-127
2020-06-19 11:22:42,876 INFO o.a.j.t.JMeterThread: Thread started: Thread Group 1-128
2020-06-19 11:22:42,881 INFO o.a.j.t.JMeterThread: Thread started: Thread Group 1-129
2020-06-19 11:22:42,888 INFO o.a.j.t.JMeterThread: Thread started: Thread Group 1-130
2020-06-19 11:22:42,898 INFO o.a.j.t.JMeterThread: Thread started: Thread Group 1-131
2020-06-19 11:22:42,906 INFO o.a.j.t.JMeterThread: Thread started: Thread Group 1-133
2020-06-19 11:22:42,907 INFO o.a.j.t.JMeterThread: Thread started: Thread Group 1-134
2020-06-19 11:22:42,910 INFO o.a.j.t.JMeterThread: Thread started: Thread Group 1-132
2020-06-19 11:22:42,915 INFO o.a.j.t.JMeterThread: Thread started: Thread Group 1-135
2020-06-19 11:22:42,919 INFO o.a.j.t.JMeterThread: Thread started: Thread Group 1-136
2020-06-19 11:22:42,923 INFO o.a.j.t.JMeterThread: Thread started: Thread Group 1-137
2020-06-19 11:22:42,933 INFO o.a.j.t.JMeterThread: Thread started: Thread Group 1-138
2020-06-19 11:22:42,935 INFO o.a.j.t.JMeterThread: Thread started: Thread Group 1-139
2020-06-19 11:22:42,936 INFO o.a.j.t.JMeterThread: Thread started: Thread Group 1-140
2020-06-19 11:22:42,947 INFO o.a.j.t.JMeterThread: Thread started: Thread Group 1-141
2020-06-19 11:22:42,948 INFO o.a.j.t.JMeterThread: Thread started: Thread Group 1-142
2020-06-19 11:22:42,952 INFO o.a.j.t.JMeterThread: Thread started: Thread Group 1-143
2020-06-19 11:22:42,956 INFO o.a.j.t.JMeterThread: Thread started: Thread Group 1-144
2020-06-19 11:22:42,968 INFO o.a.j.t.JMeterThread: Thread started: Thread Group 1-145
2020-06-19 11:22:42,976 INFO o.a.j.t.JMeterThread: Thread started: Thread Group 1-147
2020-06-19 11:22:42,976 INFO o.a.j.t.JMeterThread: Thread started: Thread Group 1-146
2020-06-19 11:22:42,981 INFO o.a.j.t.JMeterThread: Thread started: Thread Group 1-148
2020-06-19 11:22:42,987 INFO o.a.j.t.JMeterThread: Thread started: Thread Group 1-149
2020-06-19 11:22:42,988 INFO o.a.j.t.JMeterThread: Thread started: Thread Group 1-150
2020-06-19 11:22:42,992 INFO o.a.j.t.JMeterThread: Thread started: Thread Group 1-151
2020-06-19 11:22:42,996 INFO o.a.j.t.JMeterThread: Thread started: Thread Group 1-152
2020-06-19 11:22:43,002 INFO o.a.j.t.JMeterThread: Thread started: Thread Group 1-153
2020-06-19 11:22:43,007 INFO o.a.j.t.JMeterThread: Thread started: Thread Group 1-154
2020-06-19 11:22:43,012 INFO o.a.j.t.JMeterThread: Thread started: Thread Group 1-155
2020-06-19 11:22:43,018 INFO o.a.j.t.JMeterThread: Thread started: Thread Group 1-156
2020-06-19 11:22:43,024 INFO o.a.j.t.JMeterThread: Thread started: Thread Group 1-157
2020-06-19 11:22:43,033 INFO o.a.j.t.JMeterThread: Thread started: Thread Group 1-158
2020-06-19 11:22:43,036 INFO o.a.j.t.JMeterThread: Thread started: Thread Group 1-159
2020-06-19 11:22:43,040 INFO o.a.j.t.JMeterThread: Thread started: Thread Group 1-160
2020-06-19 11:22:43,045 INFO o.a.j.t.JMeterThread: Thread started: Thread Group 1-161
2020-06-19 11:22:43,047 INFO o.a.j.t.JMeterThread: Thread started: Thread Group 1-162
2020-06-19 11:22:43,051 INFO o.a.j.t.JMeterThread: Thread started: Thread Group 1-163
2020-06-19 11:22:43,057 INFO o.a.j.t.JMeterThread: Thread started: Thread Group 1-164
2020-06-19 11:22:43,064 INFO o.a.j.t.JMeterThread: Thread started: Thread Group 1-165
2020-06-19 11:22:43,068 INFO o.a.j.t.JMeterThread: Thread started: Thread Group 1-166
2020-06-19 11:22:43,073 INFO o.a.j.t.JMeterThread: Thread started: Thread Group 1-167
2020-06-19 11:22:43,082 INFO o.a.j.t.JMeterThread: Thread started: Thread Group 1-169
2020-06-19 11:22:43,087 INFO o.a.j.t.JMeterThread: Thread started: Thread Group 1-168
2020-06-19 11:22:43,090 INFO o.a.j.t.JMeterThread: Thread started: Thread Group 1-170
2020-06-19 11:22:43,092 INFO o.a.j.t.JMeterThread: Thread started: Thread Group 1-171
2020-06-19 11:22:43,097 INFO o.a.j.t.JMeterThread: Thread started: Thread Group 1-172
2020-06-19 11:22:43,107 INFO o.a.j.t.JMeterThread: Thread started: Thread Group 1-173
2020-06-19 11:22:43,107 INFO o.a.j.t.JMeterThread: Thread started: Thread Group 1-174
2020-06-19 11:22:43,112 INFO o.a.j.t.JMeterThread: Thread started: Thread Group 1-175
2020-06-19 11:22:43,116 INFO o.a.j.t.JMeterThread: Thread started: Thread Group 1-176
2020-06-19 11:22:43,122 INFO o.a.j.t.JMeterThread: Thread started: Thread Group 1-177
2020-06-19 11:22:43,127 INFO o.a.j.t.JMeterThread: Thread started: Thread Group 1-178
2020-06-19 11:22:43,133 INFO o.a.j.t.JMeterThread: Thread started: Thread Group 1-179
2020-06-19 11:22:43,136 INFO o.a.j.t.JMeterThread: Thread started: Thread Group 1-180
2020-06-19 11:22:43,142 INFO o.a.j.t.JMeterThread: Thread started: Thread Group 1-181
2020-06-19 11:22:43,147 INFO o.a.j.t.JMeterThread: Thread started: Thread Group 1-182
2020-06-19 11:22:43,151 INFO o.a.j.t.JMeterThread: Thread started: Thread Group 1-183
2020-06-19 11:22:43,157 INFO o.a.j.t.JMeterThread: Thread started: Thread Group 1-184
2020-06-19 11:22:43,162 INFO o.a.j.t.JMeterThread: Thread started: Thread Group 1-185
2020-06-19 11:22:43,167 INFO o.a.j.t.JMeterThread: Thread started: Thread Group 1-186
2020-06-19 11:22:43,176 INFO o.a.j.t.JMeterThread: Thread started: Thread Group 1-187
2020-06-19 11:22:43,176 INFO o.a.j.t.JMeterThread: Thread started: Thread Group 1-188
2020-06-19 11:22:43,182 INFO o.a.j.t.JMeterThread: Thread started: Thread Group 1-189
2020-06-19 11:22:43,187 INFO o.a.j.t.JMeterThread: Thread started: Thread Group 1-190
2020-06-19 11:22:43,193 INFO o.a.j.t.JMeterThread: Thread started: Thread Group 1-191
2020-06-19 11:22:43,200 INFO o.a.j.t.JMeterThread: Thread started: Thread Group 1-192
2020-06-19 11:22:43,202 INFO o.a.j.t.JMeterThread: Thread started: Thread Group 1-193
2020-06-19 11:22:43,206 INFO o.a.j.t.JMeterThread: Thread started: Thread Group 1-194
2020-06-19 11:22:43,211 INFO o.a.j.t.JMeterThread: Thread started: Thread Group 1-195
2020-06-19 11:22:43,216 INFO o.a.j.t.JMeterThread: Thread started: Thread Group 1-196
2020-06-19 11:22:43,222 INFO o.a.j.t.JMeterThread: Thread started: Thread Group 1-197
2020-06-19 11:22:43,227 INFO o.a.j.t.JMeterThread: Thread started: Thread Group 1-198
2020-06-19 11:22:43,232 INFO o.a.j.t.JMeterThread: Thread started: Thread Group 1-199
2020-06-19 11:22:43,237 INFO o.a.j.t.JMeterThread: Thread started: Thread Group 1-200
2020-06-19 11:23:00,029 INFO o.a.j.r.Summariser: summary +   7851 in 00:00:18 =  440.9/s Avg:   432 Min:    53 Max:  1180 Err:     0 (0.00%) Active: 200 Started: 200 Finished: 0
2020-06-19 11:23:01,637 INFO o.a.j.t.JMeterThread: Thread is done: Thread Group 1-41
2020-06-19 11:23:01,637 INFO o.a.j.t.JMeterThread: Thread finished: Thread Group 1-41
2020-06-19 11:23:02,472 INFO o.a.j.t.JMeterThread: Thread is done: Thread Group 1-15
2020-06-19 11:23:02,472 INFO o.a.j.t.JMeterThread: Thread finished: Thread Group 1-15
2020-06-19 11:23:02,566 INFO o.a.j.t.JMeterThread: Thread is done: Thread Group 1-23
2020-06-19 11:23:02,567 INFO o.a.j.t.JMeterThread: Thread finished: Thread Group 1-23
2020-06-19 11:23:02,581 INFO o.a.j.t.JMeterThread: Thread is done: Thread Group 1-49
2020-06-19 11:23:02,582 INFO o.a.j.t.JMeterThread: Thread finished: Thread Group 1-49
2020-06-19 11:23:02,620 INFO o.a.j.t.JMeterThread: Thread is done: Thread Group 1-33
2020-06-19 11:23:02,620 INFO o.a.j.t.JMeterThread: Thread finished: Thread Group 1-33
2020-06-19 11:23:02,679 INFO o.a.j.t.JMeterThread: Thread is done: Thread Group 1-27
2020-06-19 11:23:02,679 INFO o.a.j.t.JMeterThread: Thread finished: Thread Group 1-27
2020-06-19 11:23:02,926 INFO o.a.j.t.JMeterThread: Thread is done: Thread Group 1-124
2020-06-19 11:23:02,926 INFO o.a.j.t.JMeterThread: Thread finished: Thread Group 1-124
2020-06-19 11:23:02,981 INFO o.a.j.t.JMeterThread: Thread is done: Thread Group 1-54
2020-06-19 11:23:02,981 INFO o.a.j.t.JMeterThread: Thread is done: Thread Group 1-42
2020-06-19 11:23:02,981 INFO o.a.j.t.JMeterThread: Thread finished: Thread Group 1-54
2020-06-19 11:23:02,981 INFO o.a.j.t.JMeterThread: Thread finished: Thread Group 1-42
2020-06-19 11:23:03,013 INFO o.a.j.t.JMeterThread: Thread is done: Thread Group 1-79
2020-06-19 11:23:03,013 INFO o.a.j.t.JMeterThread: Thread finished: Thread Group 1-79
2020-06-19 11:23:03,021 INFO o.a.j.t.JMeterThread: Thread is done: Thread Group 1-109
2020-06-19 11:23:03,021 INFO o.a.j.t.JMeterThread: Thread finished: Thread Group 1-109
2020-06-19 11:23:03,217 INFO o.a.j.t.JMeterThread: Thread is done: Thread Group 1-69
2020-06-19 11:23:03,217 INFO o.a.j.t.JMeterThread: Thread finished: Thread Group 1-69
2020-06-19 11:23:03,218 INFO o.a.j.t.JMeterThread: Thread is done: Thread Group 1-60
2020-06-19 11:23:03,219 INFO o.a.j.t.JMeterThread: Thread finished: Thread Group 1-60
2020-06-19 11:23:03,224 INFO o.a.j.t.JMeterThread: Thread is done: Thread Group 1-46
2020-06-19 11:23:03,224 INFO o.a.j.t.JMeterThread: Thread finished: Thread Group 1-46
2020-06-19 11:23:03,226 INFO o.a.j.t.JMeterThread: Thread is done: Thread Group 1-51
2020-06-19 11:23:03,226 INFO o.a.j.t.JMeterThread: Thread finished: Thread Group 1-51
2020-06-19 11:23:03,234 INFO o.a.j.t.JMeterThread: Thread is done: Thread Group 1-40
2020-06-19 11:23:03,235 INFO o.a.j.t.JMeterThread: Thread finished: Thread Group 1-40
2020-06-19 11:23:03,354 INFO o.a.j.t.JMeterThread: Thread is done: Thread Group 1-43
2020-06-19 11:23:03,354 INFO o.a.j.t.JMeterThread: Thread finished: Thread Group 1-43
2020-06-19 11:23:03,368 INFO o.a.j.t.JMeterThread: Thread is done: Thread Group 1-63
2020-06-19 11:23:03,368 INFO o.a.j.t.JMeterThread: Thread finished: Thread Group 1-63
2020-06-19 11:23:03,399 INFO o.a.j.t.JMeterThread: Thread is done: Thread Group 1-106
2020-06-19 11:23:03,399 INFO o.a.j.t.JMeterThread: Thread finished: Thread Group 1-106
2020-06-19 11:23:03,399 INFO o.a.j.t.JMeterThread: Thread is done: Thread Group 1-44
2020-06-19 11:23:03,399 INFO o.a.j.t.JMeterThread: Thread finished: Thread Group 1-44
2020-06-19 11:23:03,419 INFO o.a.j.t.JMeterThread: Thread is done: Thread Group 1-10
2020-06-19 11:23:03,419 INFO o.a.j.t.JMeterThread: Thread finished: Thread Group 1-10
2020-06-19 11:23:03,427 INFO o.a.j.t.JMeterThread: Thread is done: Thread Group 1-6
2020-06-19 11:23:03,427 INFO o.a.j.t.JMeterThread: Thread is done: Thread Group 1-97
2020-06-19 11:23:03,427 INFO o.a.j.t.JMeterThread: Thread finished: Thread Group 1-6
2020-06-19 11:23:03,427 INFO o.a.j.t.JMeterThread: Thread finished: Thread Group 1-97
2020-06-19 11:23:03,440 INFO o.a.j.t.JMeterThread: Thread is done: Thread Group 1-20
2020-06-19 11:23:03,440 INFO o.a.j.t.JMeterThread: Thread finished: Thread Group 1-20
2020-06-19 11:23:03,499 INFO o.a.j.t.JMeterThread: Thread is done: Thread Group 1-89
2020-06-19 11:23:03,499 INFO o.a.j.t.JMeterThread: Thread finished: Thread Group 1-89
2020-06-19 11:23:03,500 INFO o.a.j.t.JMeterThread: Thread is done: Thread Group 1-1
2020-06-19 11:23:03,500 INFO o.a.j.t.JMeterThread: Thread finished: Thread Group 1-1
2020-06-19 11:23:03,500 INFO o.a.j.t.JMeterThread: Thread is done: Thread Group 1-8
2020-06-19 11:23:03,500 INFO o.a.j.t.JMeterThread: Thread finished: Thread Group 1-8
2020-06-19 11:23:03,532 INFO o.a.j.t.JMeterThread: Thread is done: Thread Group 1-5
2020-06-19 11:23:03,532 INFO o.a.j.t.JMeterThread: Thread finished: Thread Group 1-5
2020-06-19 11:23:03,544 INFO o.a.j.t.JMeterThread: Thread is done: Thread Group 1-11
2020-06-19 11:23:03,544 INFO o.a.j.t.JMeterThread: Thread finished: Thread Group 1-11
2020-06-19 11:23:03,594 INFO o.a.j.t.JMeterThread: Thread is done: Thread Group 1-67
2020-06-19 11:23:03,594 INFO o.a.j.t.JMeterThread: Thread finished: Thread Group 1-67
2020-06-19 11:23:03,599 INFO o.a.j.t.JMeterThread: Thread is done: Thread Group 1-38
2020-06-19 11:23:03,599 INFO o.a.j.t.JMeterThread: Thread finished: Thread Group 1-38
2020-06-19 11:23:03,651 INFO o.a.j.t.JMeterThread: Thread is done: Thread Group 1-77
2020-06-19 11:23:03,651 INFO o.a.j.t.JMeterThread: Thread finished: Thread Group 1-77
2020-06-19 11:23:03,668 INFO o.a.j.t.JMeterThread: Thread is done: Thread Group 1-168
2020-06-19 11:23:03,668 INFO o.a.j.t.JMeterThread: Thread finished: Thread Group 1-168
2020-06-19 11:23:03,686 INFO o.a.j.t.JMeterThread: Thread is done: Thread Group 1-138
2020-06-19 11:23:03,686 INFO o.a.j.t.JMeterThread: Thread finished: Thread Group 1-138
2020-06-19 11:23:03,705 INFO o.a.j.t.JMeterThread: Thread is done: Thread Group 1-105
2020-06-19 11:23:03,706 INFO o.a.j.t.JMeterThread: Thread finished: Thread Group 1-105
2020-06-19 11:23:03,727 INFO o.a.j.t.JMeterThread: Thread is done: Thread Group 1-39
2020-06-19 11:23:03,728 INFO o.a.j.t.JMeterThread: Thread finished: Thread Group 1-39
2020-06-19 11:23:03,773 INFO o.a.j.t.JMeterThread: Thread is done: Thread Group 1-85
2020-06-19 11:23:03,774 INFO o.a.j.t.JMeterThread: Thread finished: Thread Group 1-85
2020-06-19 11:23:03,790 INFO o.a.j.t.JMeterThread: Thread is done: Thread Group 1-102
2020-06-19 11:23:03,790 INFO o.a.j.t.JMeterThread: Thread is done: Thread Group 1-70
2020-06-19 11:23:03,790 INFO o.a.j.t.JMeterThread: Thread finished: Thread Group 1-102
2020-06-19 11:23:03,790 INFO o.a.j.t.JMeterThread: Thread finished: Thread Group 1-70
2020-06-19 11:23:03,795 INFO o.a.j.t.JMeterThread: Thread is done: Thread Group 1-18
2020-06-19 11:23:03,795 INFO o.a.j.t.JMeterThread: Thread is done: Thread Group 1-4
2020-06-19 11:23:03,796 INFO o.a.j.t.JMeterThread: Thread is done: Thread Group 1-50
2020-06-19 11:23:03,796 INFO o.a.j.t.JMeterThread: Thread finished: Thread Group 1-4
2020-06-19 11:23:03,796 INFO o.a.j.t.JMeterThread: Thread finished: Thread Group 1-50
2020-06-19 11:23:03,796 INFO o.a.j.t.JMeterThread: Thread finished: Thread Group 1-18
2020-06-19 11:23:03,828 INFO o.a.j.t.JMeterThread: Thread is done: Thread Group 1-71
2020-06-19 11:23:03,828 INFO o.a.j.t.JMeterThread: Thread is done: Thread Group 1-16
2020-06-19 11:23:03,828 INFO o.a.j.t.JMeterThread: Thread finished: Thread Group 1-71
2020-06-19 11:23:03,829 INFO o.a.j.t.JMeterThread: Thread finished: Thread Group 1-16
2020-06-19 11:23:03,843 INFO o.a.j.t.JMeterThread: Thread is done: Thread Group 1-45
2020-06-19 11:23:03,843 INFO o.a.j.t.JMeterThread: Thread finished: Thread Group 1-45
2020-06-19 11:23:03,843 INFO o.a.j.t.JMeterThread: Thread is done: Thread Group 1-37
2020-06-19 11:23:03,844 INFO o.a.j.t.JMeterThread: Thread finished: Thread Group 1-37
2020-06-19 11:23:03,847 INFO o.a.j.t.JMeterThread: Thread is done: Thread Group 1-81
2020-06-19 11:23:03,848 INFO o.a.j.t.JMeterThread: Thread finished: Thread Group 1-81
2020-06-19 11:23:03,866 INFO o.a.j.t.JMeterThread: Thread is done: Thread Group 1-58
2020-06-19 11:23:03,866 INFO o.a.j.t.JMeterThread: Thread finished: Thread Group 1-58
2020-06-19 11:23:03,901 INFO o.a.j.t.JMeterThread: Thread is done: Thread Group 1-29
2020-06-19 11:23:03,901 INFO o.a.j.t.JMeterThread: Thread finished: Thread Group 1-29
2020-06-19 11:23:03,924 INFO o.a.j.t.JMeterThread: Thread is done: Thread Group 1-169
2020-06-19 11:23:03,924 INFO o.a.j.t.JMeterThread: Thread finished: Thread Group 1-169
2020-06-19 11:23:03,925 INFO o.a.j.t.JMeterThread: Thread is done: Thread Group 1-19
2020-06-19 11:23:03,925 INFO o.a.j.t.JMeterThread: Thread finished: Thread Group 1-19
2020-06-19 11:23:03,938 INFO o.a.j.t.JMeterThread: Thread is done: Thread Group 1-125
2020-06-19 11:23:03,938 INFO o.a.j.t.JMeterThread: Thread finished: Thread Group 1-125
2020-06-19 11:23:03,960 INFO o.a.j.t.JMeterThread: Thread is done: Thread Group 1-95
2020-06-19 11:23:03,961 INFO o.a.j.t.JMeterThread: Thread finished: Thread Group 1-95
2020-06-19 11:23:03,963 INFO o.a.j.t.JMeterThread: Thread is done: Thread Group 1-173
2020-06-19 11:23:03,963 INFO o.a.j.t.JMeterThread: Thread finished: Thread Group 1-173
2020-06-19 11:23:03,977 INFO o.a.j.t.JMeterThread: Thread is done: Thread Group 1-13
2020-06-19 11:23:03,978 INFO o.a.j.t.JMeterThread: Thread finished: Thread Group 1-13
2020-06-19 11:23:04,007 INFO o.a.j.t.JMeterThread: Thread is done: Thread Group 1-25
2020-06-19 11:23:04,007 INFO o.a.j.t.JMeterThread: Thread is done: Thread Group 1-3
2020-06-19 11:23:04,007 INFO o.a.j.t.JMeterThread: Thread finished: Thread Group 1-25
2020-06-19 11:23:04,007 INFO o.a.j.t.JMeterThread: Thread finished: Thread Group 1-3
2020-06-19 11:23:04,008 INFO o.a.j.t.JMeterThread: Thread is done: Thread Group 1-154
2020-06-19 11:23:04,008 INFO o.a.j.t.JMeterThread: Thread finished: Thread Group 1-154
2020-06-19 11:23:04,031 INFO o.a.j.t.JMeterThread: Thread is done: Thread Group 1-82
2020-06-19 11:23:04,032 INFO o.a.j.t.JMeterThread: Thread finished: Thread Group 1-82
2020-06-19 11:23:04,065 INFO o.a.j.t.JMeterThread: Thread is done: Thread Group 1-73
2020-06-19 11:23:04,065 INFO o.a.j.t.JMeterThread: Thread finished: Thread Group 1-73
2020-06-19 11:23:04,085 INFO o.a.j.t.JMeterThread: Thread is done: Thread Group 1-123
2020-06-19 11:23:04,085 INFO o.a.j.t.JMeterThread: Thread is done: Thread Group 1-129
2020-06-19 11:23:04,085 INFO o.a.j.t.JMeterThread: Thread finished: Thread Group 1-123
2020-06-19 11:23:04,085 INFO o.a.j.t.JMeterThread: Thread finished: Thread Group 1-129
2020-06-19 11:23:04,093 INFO o.a.j.t.JMeterThread: Thread is done: Thread Group 1-57
2020-06-19 11:23:04,094 INFO o.a.j.t.JMeterThread: Thread finished: Thread Group 1-57
2020-06-19 11:23:04,102 INFO o.a.j.t.JMeterThread: Thread is done: Thread Group 1-135
2020-06-19 11:23:04,102 INFO o.a.j.t.JMeterThread: Thread is done: Thread Group 1-17
2020-06-19 11:23:04,102 INFO o.a.j.t.JMeterThread: Thread finished: Thread Group 1-135
2020-06-19 11:23:04,103 INFO o.a.j.t.JMeterThread: Thread finished: Thread Group 1-17
2020-06-19 11:23:04,106 INFO o.a.j.t.JMeterThread: Thread is done: Thread Group 1-32
2020-06-19 11:23:04,106 INFO o.a.j.t.JMeterThread: Thread finished: Thread Group 1-32
2020-06-19 11:23:04,106 INFO o.a.j.t.JMeterThread: Thread is done: Thread Group 1-7
2020-06-19 11:23:04,106 INFO o.a.j.t.JMeterThread: Thread is done: Thread Group 1-162
2020-06-19 11:23:04,107 INFO o.a.j.t.JMeterThread: Thread finished: Thread Group 1-7
2020-06-19 11:23:04,107 INFO o.a.j.t.JMeterThread: Thread finished: Thread Group 1-162
2020-06-19 11:23:04,114 INFO o.a.j.t.JMeterThread: Thread is done: Thread Group 1-2
2020-06-19 11:23:04,114 INFO o.a.j.t.JMeterThread: Thread is done: Thread Group 1-9
2020-06-19 11:23:04,114 INFO o.a.j.t.JMeterThread: Thread finished: Thread Group 1-2
2020-06-19 11:23:04,115 INFO o.a.j.t.JMeterThread: Thread finished: Thread Group 1-9
2020-06-19 11:23:04,154 INFO o.a.j.t.JMeterThread: Thread is done: Thread Group 1-61
2020-06-19 11:23:04,155 INFO o.a.j.t.JMeterThread: Thread finished: Thread Group 1-61
2020-06-19 11:23:04,170 INFO o.a.j.t.JMeterThread: Thread is done: Thread Group 1-98
2020-06-19 11:23:04,171 INFO o.a.j.t.JMeterThread: Thread finished: Thread Group 1-98
2020-06-19 11:23:04,174 INFO o.a.j.t.JMeterThread: Thread is done: Thread Group 1-120
2020-06-19 11:23:04,174 INFO o.a.j.t.JMeterThread: Thread finished: Thread Group 1-120
2020-06-19 11:23:04,208 INFO o.a.j.t.JMeterThread: Thread is done: Thread Group 1-75
2020-06-19 11:23:04,209 INFO o.a.j.t.JMeterThread: Thread finished: Thread Group 1-75
2020-06-19 11:23:04,215 INFO o.a.j.t.JMeterThread: Thread is done: Thread Group 1-59
2020-06-19 11:23:04,215 INFO o.a.j.t.JMeterThread: Thread finished: Thread Group 1-59
2020-06-19 11:23:04,215 INFO o.a.j.t.JMeterThread: Thread is done: Thread Group 1-136
2020-06-19 11:23:04,216 INFO o.a.j.t.JMeterThread: Thread finished: Thread Group 1-136
2020-06-19 11:23:04,217 INFO o.a.j.t.JMeterThread: Thread is done: Thread Group 1-84
2020-06-19 11:23:04,217 INFO o.a.j.t.JMeterThread: Thread finished: Thread Group 1-84
2020-06-19 11:23:04,234 INFO o.a.j.t.JMeterThread: Thread is done: Thread Group 1-100
2020-06-19 11:23:04,234 INFO o.a.j.t.JMeterThread: Thread finished: Thread Group 1-100
2020-06-19 11:23:04,236 INFO o.a.j.t.JMeterThread: Thread is done: Thread Group 1-65
2020-06-19 11:23:04,237 INFO o.a.j.t.JMeterThread: Thread finished: Thread Group 1-65
2020-06-19 11:23:04,239 INFO o.a.j.t.JMeterThread: Thread is done: Thread Group 1-28
2020-06-19 11:23:04,239 INFO o.a.j.t.JMeterThread: Thread is done: Thread Group 1-74
2020-06-19 11:23:04,239 INFO o.a.j.t.JMeterThread: Thread finished: Thread Group 1-28
2020-06-19 11:23:04,239 INFO o.a.j.t.JMeterThread: Thread finished: Thread Group 1-74
2020-06-19 11:23:04,242 INFO o.a.j.t.JMeterThread: Thread is done: Thread Group 1-53
2020-06-19 11:23:04,242 INFO o.a.j.t.JMeterThread: Thread finished: Thread Group 1-53
2020-06-19 11:23:04,259 INFO o.a.j.t.JMeterThread: Thread is done: Thread Group 1-149
2020-06-19 11:23:04,259 INFO o.a.j.t.JMeterThread: Thread finished: Thread Group 1-149
2020-06-19 11:23:04,284 INFO o.a.j.t.JMeterThread: Thread is done: Thread Group 1-190
2020-06-19 11:23:04,284 INFO o.a.j.t.JMeterThread: Thread finished: Thread Group 1-190
2020-06-19 11:23:04,284 INFO o.a.j.t.JMeterThread: Thread is done: Thread Group 1-24
2020-06-19 11:23:04,284 INFO o.a.j.t.JMeterThread: Thread is done: Thread Group 1-88
2020-06-19 11:23:04,284 INFO o.a.j.t.JMeterThread: Thread finished: Thread Group 1-24
2020-06-19 11:23:04,284 INFO o.a.j.t.JMeterThread: Thread finished: Thread Group 1-88
2020-06-19 11:23:04,291 INFO o.a.j.t.JMeterThread: Thread is done: Thread Group 1-104
2020-06-19 11:23:04,291 INFO o.a.j.t.JMeterThread: Thread finished: Thread Group 1-104
2020-06-19 11:23:04,318 INFO o.a.j.t.JMeterThread: Thread is done: Thread Group 1-147
2020-06-19 11:23:04,318 INFO o.a.j.t.JMeterThread: Thread finished: Thread Group 1-147
2020-06-19 11:23:04,326 INFO o.a.j.t.JMeterThread: Thread is done: Thread Group 1-93
2020-06-19 11:23:04,326 INFO o.a.j.t.JMeterThread: Thread is done: Thread Group 1-36
2020-06-19 11:23:04,326 INFO o.a.j.t.JMeterThread: Thread finished: Thread Group 1-93
2020-06-19 11:23:04,326 INFO o.a.j.t.JMeterThread: Thread finished: Thread Group 1-36
2020-06-19 11:23:04,350 INFO o.a.j.t.JMeterThread: Thread is done: Thread Group 1-22
2020-06-19 11:23:04,350 INFO o.a.j.t.JMeterThread: Thread is done: Thread Group 1-30
2020-06-19 11:23:04,350 INFO o.a.j.t.JMeterThread: Thread finished: Thread Group 1-22
2020-06-19 11:23:04,351 INFO o.a.j.t.JMeterThread: Thread is done: Thread Group 1-56
2020-06-19 11:23:04,351 INFO o.a.j.t.JMeterThread: Thread finished: Thread Group 1-30
2020-06-19 11:23:04,351 INFO o.a.j.t.JMeterThread: Thread finished: Thread Group 1-56
2020-06-19 11:23:04,365 INFO o.a.j.t.JMeterThread: Thread is done: Thread Group 1-35
2020-06-19 11:23:04,365 INFO o.a.j.t.JMeterThread: Thread finished: Thread Group 1-35
2020-06-19 11:23:04,367 INFO o.a.j.t.JMeterThread: Thread is done: Thread Group 1-55
2020-06-19 11:23:04,367 INFO o.a.j.t.JMeterThread: Thread finished: Thread Group 1-55
2020-06-19 11:23:04,369 INFO o.a.j.t.JMeterThread: Thread is done: Thread Group 1-31
2020-06-19 11:23:04,369 INFO o.a.j.t.JMeterThread: Thread finished: Thread Group 1-31
2020-06-19 11:23:04,373 INFO o.a.j.t.JMeterThread: Thread is done: Thread Group 1-110
2020-06-19 11:23:04,374 INFO o.a.j.t.JMeterThread: Thread finished: Thread Group 1-110
2020-06-19 11:23:04,374 INFO o.a.j.t.JMeterThread: Thread is done: Thread Group 1-145
2020-06-19 11:23:04,375 INFO o.a.j.t.JMeterThread: Thread finished: Thread Group 1-145
2020-06-19 11:23:04,382 INFO o.a.j.t.JMeterThread: Thread is done: Thread Group 1-64
2020-06-19 11:23:04,382 INFO o.a.j.t.JMeterThread: Thread finished: Thread Group 1-64
2020-06-19 11:23:04,382 INFO o.a.j.t.JMeterThread: Thread is done: Thread Group 1-117
2020-06-19 11:23:04,383 INFO o.a.j.t.JMeterThread: Thread is done: Thread Group 1-107
2020-06-19 11:23:04,383 INFO o.a.j.t.JMeterThread: Thread finished: Thread Group 1-107
2020-06-19 11:23:04,384 INFO o.a.j.t.JMeterThread: Thread is done: Thread Group 1-101
2020-06-19 11:23:04,384 INFO o.a.j.t.JMeterThread: Thread finished: Thread Group 1-101
2020-06-19 11:23:04,384 INFO o.a.j.t.JMeterThread: Thread finished: Thread Group 1-117
2020-06-19 11:23:04,392 INFO o.a.j.t.JMeterThread: Thread is done: Thread Group 1-171
2020-06-19 11:23:04,392 INFO o.a.j.t.JMeterThread: Thread finished: Thread Group 1-171
2020-06-19 11:23:04,399 INFO o.a.j.t.JMeterThread: Thread is done: Thread Group 1-92
2020-06-19 11:23:04,400 INFO o.a.j.t.JMeterThread: Thread finished: Thread Group 1-92
2020-06-19 11:23:04,418 INFO o.a.j.t.JMeterThread: Thread is done: Thread Group 1-26
2020-06-19 11:23:04,418 INFO o.a.j.t.JMeterThread: Thread is done: Thread Group 1-48
2020-06-19 11:23:04,418 INFO o.a.j.t.JMeterThread: Thread is done: Thread Group 1-119
2020-06-19 11:23:04,418 INFO o.a.j.t.JMeterThread: Thread finished: Thread Group 1-26
2020-06-19 11:23:04,418 INFO o.a.j.t.JMeterThread: Thread finished: Thread Group 1-48
2020-06-19 11:23:04,418 INFO o.a.j.t.JMeterThread: Thread finished: Thread Group 1-119
2020-06-19 11:23:04,427 INFO o.a.j.t.JMeterThread: Thread is done: Thread Group 1-191
2020-06-19 11:23:04,427 INFO o.a.j.t.JMeterThread: Thread finished: Thread Group 1-191
2020-06-19 11:23:04,432 INFO o.a.j.t.JMeterThread: Thread is done: Thread Group 1-52
2020-06-19 11:23:04,432 INFO o.a.j.t.JMeterThread: Thread is done: Thread Group 1-118
2020-06-19 11:23:04,432 INFO o.a.j.t.JMeterThread: Thread finished: Thread Group 1-52
2020-06-19 11:23:04,432 INFO o.a.j.t.JMeterThread: Thread finished: Thread Group 1-118
2020-06-19 11:23:04,441 INFO o.a.j.t.JMeterThread: Thread is done: Thread Group 1-140
2020-06-19 11:23:04,441 INFO o.a.j.t.JMeterThread: Thread is done: Thread Group 1-188
2020-06-19 11:23:04,441 INFO o.a.j.t.JMeterThread: Thread is done: Thread Group 1-90
2020-06-19 11:23:04,442 INFO o.a.j.t.JMeterThread: Thread finished: Thread Group 1-140
2020-06-19 11:23:04,442 INFO o.a.j.t.JMeterThread: Thread finished: Thread Group 1-90
2020-06-19 11:23:04,442 INFO o.a.j.t.JMeterThread: Thread finished: Thread Group 1-188
2020-06-19 11:23:04,444 INFO o.a.j.t.JMeterThread: Thread is done: Thread Group 1-166
2020-06-19 11:23:04,444 INFO o.a.j.t.JMeterThread: Thread finished: Thread Group 1-166
2020-06-19 11:23:04,457 INFO o.a.j.t.JMeterThread: Thread is done: Thread Group 1-76
2020-06-19 11:23:04,457 INFO o.a.j.t.JMeterThread: Thread finished: Thread Group 1-76
2020-06-19 11:23:04,467 INFO o.a.j.t.JMeterThread: Thread is done: Thread Group 1-183
2020-06-19 11:23:04,467 INFO o.a.j.t.JMeterThread: Thread finished: Thread Group 1-183
2020-06-19 11:23:04,467 INFO o.a.j.t.JMeterThread: Thread is done: Thread Group 1-21
2020-06-19 11:23:04,467 INFO o.a.j.t.JMeterThread: Thread is done: Thread Group 1-126
2020-06-19 11:23:04,467 INFO o.a.j.t.JMeterThread: Thread is done: Thread Group 1-14
2020-06-19 11:23:04,467 INFO o.a.j.t.JMeterThread: Thread finished: Thread Group 1-126
2020-06-19 11:23:04,467 INFO o.a.j.t.JMeterThread: Thread finished: Thread Group 1-21
2020-06-19 11:23:04,468 INFO o.a.j.t.JMeterThread: Thread finished: Thread Group 1-14
2020-06-19 11:23:04,484 INFO o.a.j.t.JMeterThread: Thread is done: Thread Group 1-68
2020-06-19 11:23:04,484 INFO o.a.j.t.JMeterThread: Thread finished: Thread Group 1-68
2020-06-19 11:23:04,484 INFO o.a.j.t.JMeterThread: Thread is done: Thread Group 1-127
2020-06-19 11:23:04,484 INFO o.a.j.t.JMeterThread: Thread is done: Thread Group 1-132
2020-06-19 11:23:04,485 INFO o.a.j.t.JMeterThread: Thread finished: Thread Group 1-127
2020-06-19 11:23:04,485 INFO o.a.j.t.JMeterThread: Thread finished: Thread Group 1-132
2020-06-19 11:23:04,500 INFO o.a.j.t.JMeterThread: Thread is done: Thread Group 1-128
2020-06-19 11:23:04,500 INFO o.a.j.t.JMeterThread: Thread finished: Thread Group 1-128
2020-06-19 11:23:04,518 INFO o.a.j.t.JMeterThread: Thread is done: Thread Group 1-150
2020-06-19 11:23:04,519 INFO o.a.j.t.JMeterThread: Thread finished: Thread Group 1-150
2020-06-19 11:23:04,519 INFO o.a.j.t.JMeterThread: Thread is done: Thread Group 1-143
2020-06-19 11:23:04,519 INFO o.a.j.t.JMeterThread: Thread finished: Thread Group 1-143
2020-06-19 11:23:04,536 INFO o.a.j.t.JMeterThread: Thread is done: Thread Group 1-108
2020-06-19 11:23:04,537 INFO o.a.j.t.JMeterThread: Thread finished: Thread Group 1-108
2020-06-19 11:23:04,542 INFO o.a.j.t.JMeterThread: Thread is done: Thread Group 1-94
2020-06-19 11:23:04,542 INFO o.a.j.t.JMeterThread: Thread is done: Thread Group 1-72
2020-06-19 11:23:04,543 INFO o.a.j.t.JMeterThread: Thread finished: Thread Group 1-94
2020-06-19 11:23:04,543 INFO o.a.j.t.JMeterThread: Thread finished: Thread Group 1-72
2020-06-19 11:23:04,544 INFO o.a.j.t.JMeterThread: Thread is done: Thread Group 1-144
2020-06-19 11:23:04,544 INFO o.a.j.t.JMeterThread: Thread finished: Thread Group 1-144
2020-06-19 11:23:04,545 INFO o.a.j.t.JMeterThread: Thread is done: Thread Group 1-114
2020-06-19 11:23:04,545 INFO o.a.j.t.JMeterThread: Thread finished: Thread Group 1-114
2020-06-19 11:23:04,555 INFO o.a.j.t.JMeterThread: Thread is done: Thread Group 1-34
2020-06-19 11:23:04,556 INFO o.a.j.t.JMeterThread: Thread finished: Thread Group 1-34
2020-06-19 11:23:04,567 INFO o.a.j.t.JMeterThread: Thread is done: Thread Group 1-87
2020-06-19 11:23:04,568 INFO o.a.j.t.JMeterThread: Thread finished: Thread Group 1-87
2020-06-19 11:23:04,578 INFO o.a.j.t.JMeterThread: Thread is done: Thread Group 1-112
2020-06-19 11:23:04,578 INFO o.a.j.t.JMeterThread: Thread is done: Thread Group 1-193
2020-06-19 11:23:04,578 INFO o.a.j.t.JMeterThread: Thread is done: Thread Group 1-179
2020-06-19 11:23:04,578 INFO o.a.j.t.JMeterThread: Thread finished: Thread Group 1-112
2020-06-19 11:23:04,578 INFO o.a.j.t.JMeterThread: Thread finished: Thread Group 1-193
2020-06-19 11:23:04,578 INFO o.a.j.t.JMeterThread: Thread finished: Thread Group 1-179
2020-06-19 11:23:04,585 INFO o.a.j.t.JMeterThread: Thread is done: Thread Group 1-200
2020-06-19 11:23:04,586 INFO o.a.j.t.JMeterThread: Thread is done: Thread Group 1-47
2020-06-19 11:23:04,586 INFO o.a.j.t.JMeterThread: Thread is done: Thread Group 1-99
2020-06-19 11:23:04,586 INFO o.a.j.t.JMeterThread: Thread is done: Thread Group 1-80
2020-06-19 11:23:04,586 INFO o.a.j.t.JMeterThread: Thread finished: Thread Group 1-99
2020-06-19 11:23:04,586 INFO o.a.j.t.JMeterThread: Thread finished: Thread Group 1-80
2020-06-19 11:23:04,586 INFO o.a.j.t.JMeterThread: Thread is done: Thread Group 1-146
2020-06-19 11:23:04,586 INFO o.a.j.t.JMeterThread: Thread finished: Thread Group 1-146
2020-06-19 11:23:04,586 INFO o.a.j.t.JMeterThread: Thread finished: Thread Group 1-200
2020-06-19 11:23:04,586 INFO o.a.j.t.JMeterThread: Thread is done: Thread Group 1-158
2020-06-19 11:23:04,586 INFO o.a.j.t.JMeterThread: Thread finished: Thread Group 1-47
2020-06-19 11:23:04,587 INFO o.a.j.t.JMeterThread: Thread finished: Thread Group 1-158
2020-06-19 11:23:04,588 INFO o.a.j.t.JMeterThread: Thread is done: Thread Group 1-184
2020-06-19 11:23:04,588 INFO o.a.j.t.JMeterThread: Thread is done: Thread Group 1-62
2020-06-19 11:23:04,588 INFO o.a.j.t.JMeterThread: Thread finished: Thread Group 1-184
2020-06-19 11:23:04,588 INFO o.a.j.t.JMeterThread: Thread finished: Thread Group 1-62
2020-06-19 11:23:04,589 INFO o.a.j.t.JMeterThread: Thread is done: Thread Group 1-130
2020-06-19 11:23:04,589 INFO o.a.j.t.JMeterThread: Thread finished: Thread Group 1-130
2020-06-19 11:23:04,590 INFO o.a.j.t.JMeterThread: Thread is done: Thread Group 1-137
2020-06-19 11:23:04,590 INFO o.a.j.t.JMeterThread: Thread finished: Thread Group 1-137
2020-06-19 11:23:04,597 INFO o.a.j.t.JMeterThread: Thread is done: Thread Group 1-194
2020-06-19 11:23:04,597 INFO o.a.j.t.JMeterThread: Thread finished: Thread Group 1-194
2020-06-19 11:23:04,608 INFO o.a.j.t.JMeterThread: Thread is done: Thread Group 1-131
2020-06-19 11:23:04,608 INFO o.a.j.t.JMeterThread: Thread finished: Thread Group 1-131
2020-06-19 11:23:04,622 INFO o.a.j.t.JMeterThread: Thread is done: Thread Group 1-121
2020-06-19 11:23:04,622 INFO o.a.j.t.JMeterThread: Thread finished: Thread Group 1-121
2020-06-19 11:23:04,649 INFO o.a.j.t.JMeterThread: Thread is done: Thread Group 1-103
2020-06-19 11:23:04,649 INFO o.a.j.t.JMeterThread: Thread finished: Thread Group 1-103
2020-06-19 11:23:04,658 INFO o.a.j.t.JMeterThread: Thread is done: Thread Group 1-159
2020-06-19 11:23:04,658 INFO o.a.j.t.JMeterThread: Thread finished: Thread Group 1-159
2020-06-19 11:23:04,662 INFO o.a.j.t.JMeterThread: Thread is done: Thread Group 1-141
2020-06-19 11:23:04,662 INFO o.a.j.t.JMeterThread: Thread is done: Thread Group 1-187
2020-06-19 11:23:04,662 INFO o.a.j.t.JMeterThread: Thread finished: Thread Group 1-141
2020-06-19 11:23:04,663 INFO o.a.j.t.JMeterThread: Thread finished: Thread Group 1-187
2020-06-19 11:23:04,675 INFO o.a.j.t.JMeterThread: Thread is done: Thread Group 1-198
2020-06-19 11:23:04,675 INFO o.a.j.t.JMeterThread: Thread finished: Thread Group 1-198
2020-06-19 11:23:04,678 INFO o.a.j.t.JMeterThread: Thread is done: Thread Group 1-189
2020-06-19 11:23:04,678 INFO o.a.j.t.JMeterThread: Thread finished: Thread Group 1-189
2020-06-19 11:23:04,681 INFO o.a.j.t.JMeterThread: Thread is done: Thread Group 1-113
2020-06-19 11:23:04,681 INFO o.a.j.t.JMeterThread: Thread is done: Thread Group 1-122
2020-06-19 11:23:04,681 INFO o.a.j.t.JMeterThread: Thread finished: Thread Group 1-113
2020-06-19 11:23:04,681 INFO o.a.j.t.JMeterThread: Thread finished: Thread Group 1-122
2020-06-19 11:23:04,686 INFO o.a.j.t.JMeterThread: Thread is done: Thread Group 1-160
2020-06-19 11:23:04,686 INFO o.a.j.t.JMeterThread: Thread finished: Thread Group 1-160
2020-06-19 11:23:04,686 INFO o.a.j.t.JMeterThread: Thread is done: Thread Group 1-148
2020-06-19 11:23:04,687 INFO o.a.j.t.JMeterThread: Thread finished: Thread Group 1-148
2020-06-19 11:23:04,690 INFO o.a.j.t.JMeterThread: Thread is done: Thread Group 1-163
2020-06-19 11:23:04,690 INFO o.a.j.t.JMeterThread: Thread is done: Thread Group 1-83
2020-06-19 11:23:04,690 INFO o.a.j.t.JMeterThread: Thread finished: Thread Group 1-163
2020-06-19 11:23:04,690 INFO o.a.j.t.JMeterThread: Thread finished: Thread Group 1-83
2020-06-19 11:23:04,698 INFO o.a.j.t.JMeterThread: Thread is done: Thread Group 1-185
2020-06-19 11:23:04,699 INFO o.a.j.t.JMeterThread: Thread finished: Thread Group 1-185
2020-06-19 11:23:04,702 INFO o.a.j.t.JMeterThread: Thread is done: Thread Group 1-156
2020-06-19 11:23:04,702 INFO o.a.j.t.JMeterThread: Thread finished: Thread Group 1-156
2020-06-19 11:23:04,705 INFO o.a.j.t.JMeterThread: Thread is done: Thread Group 1-181
2020-06-19 11:23:04,706 INFO o.a.j.t.JMeterThread: Thread finished: Thread Group 1-181
2020-06-19 11:23:04,706 INFO o.a.j.t.JMeterThread: Thread is done: Thread Group 1-12
2020-06-19 11:23:04,706 INFO o.a.j.t.JMeterThread: Thread finished: Thread Group 1-12
2020-06-19 11:23:04,710 INFO o.a.j.t.JMeterThread: Thread is done: Thread Group 1-153
2020-06-19 11:23:04,711 INFO o.a.j.t.JMeterThread: Thread finished: Thread Group 1-153
2020-06-19 11:23:04,720 INFO o.a.j.t.JMeterThread: Thread is done: Thread Group 1-170
2020-06-19 11:23:04,720 INFO o.a.j.t.JMeterThread: Thread finished: Thread Group 1-170
2020-06-19 11:23:04,721 INFO o.a.j.t.JMeterThread: Thread is done: Thread Group 1-155
2020-06-19 11:23:04,721 INFO o.a.j.t.JMeterThread: Thread finished: Thread Group 1-155
2020-06-19 11:23:04,724 INFO o.a.j.t.JMeterThread: Thread is done: Thread Group 1-91
2020-06-19 11:23:04,724 INFO o.a.j.t.JMeterThread: Thread finished: Thread Group 1-91
2020-06-19 11:23:04,733 INFO o.a.j.t.JMeterThread: Thread is done: Thread Group 1-115
2020-06-19 11:23:04,733 INFO o.a.j.t.JMeterThread: Thread finished: Thread Group 1-115
2020-06-19 11:23:04,748 INFO o.a.j.t.JMeterThread: Thread is done: Thread Group 1-172
2020-06-19 11:23:04,748 INFO o.a.j.t.JMeterThread: Thread finished: Thread Group 1-172
2020-06-19 11:23:04,756 INFO o.a.j.t.JMeterThread: Thread is done: Thread Group 1-78
2020-06-19 11:23:04,756 INFO o.a.j.t.JMeterThread: Thread finished: Thread Group 1-78
2020-06-19 11:23:04,756 INFO o.a.j.t.JMeterThread: Thread is done: Thread Group 1-152
2020-06-19 11:23:04,757 INFO o.a.j.t.JMeterThread: Thread finished: Thread Group 1-152
2020-06-19 11:23:04,762 INFO o.a.j.t.JMeterThread: Thread is done: Thread Group 1-66
2020-06-19 11:23:04,762 INFO o.a.j.t.JMeterThread: Thread is done: Thread Group 1-111
2020-06-19 11:23:04,762 INFO o.a.j.t.JMeterThread: Thread finished: Thread Group 1-66
2020-06-19 11:23:04,763 INFO o.a.j.t.JMeterThread: Thread finished: Thread Group 1-111
2020-06-19 11:23:04,765 INFO o.a.j.t.JMeterThread: Thread is done: Thread Group 1-151
2020-06-19 11:23:04,765 INFO o.a.j.t.JMeterThread: Thread is done: Thread Group 1-157
2020-06-19 11:23:04,765 INFO o.a.j.t.JMeterThread: Thread finished: Thread Group 1-151
2020-06-19 11:23:04,765 INFO o.a.j.t.JMeterThread: Thread finished: Thread Group 1-157
2020-06-19 11:23:04,766 INFO o.a.j.t.JMeterThread: Thread is done: Thread Group 1-175
2020-06-19 11:23:04,766 INFO o.a.j.t.JMeterThread: Thread finished: Thread Group 1-175
2020-06-19 11:23:04,766 INFO o.a.j.t.JMeterThread: Thread is done: Thread Group 1-180
2020-06-19 11:23:04,767 INFO o.a.j.t.JMeterThread: Thread finished: Thread Group 1-180
2020-06-19 11:23:04,770 INFO o.a.j.t.JMeterThread: Thread is done: Thread Group 1-165
2020-06-19 11:23:04,770 INFO o.a.j.t.JMeterThread: Thread finished: Thread Group 1-165
2020-06-19 11:23:04,773 INFO o.a.j.t.JMeterThread: Thread is done: Thread Group 1-167
2020-06-19 11:23:04,774 INFO o.a.j.t.JMeterThread: Thread finished: Thread Group 1-167
2020-06-19 11:23:04,774 INFO o.a.j.t.JMeterThread: Thread is done: Thread Group 1-174
2020-06-19 11:23:04,775 INFO o.a.j.t.JMeterThread: Thread finished: Thread Group 1-174
2020-06-19 11:23:04,775 INFO o.a.j.t.JMeterThread: Thread is done: Thread Group 1-199
2020-06-19 11:23:04,775 INFO o.a.j.t.JMeterThread: Thread finished: Thread Group 1-199
2020-06-19 11:23:04,787 INFO o.a.j.t.JMeterThread: Thread is done: Thread Group 1-139
2020-06-19 11:23:04,787 INFO o.a.j.t.JMeterThread: Thread finished: Thread Group 1-139
2020-06-19 11:23:04,791 INFO o.a.j.t.JMeterThread: Thread is done: Thread Group 1-96
2020-06-19 11:23:04,791 INFO o.a.j.t.JMeterThread: Thread finished: Thread Group 1-96
2020-06-19 11:23:04,793 INFO o.a.j.t.JMeterThread: Thread is done: Thread Group 1-142
2020-06-19 11:23:04,793 INFO o.a.j.t.JMeterThread: Thread finished: Thread Group 1-142
2020-06-19 11:23:04,798 INFO o.a.j.t.JMeterThread: Thread is done: Thread Group 1-86
2020-06-19 11:23:04,798 INFO o.a.j.t.JMeterThread: Thread finished: Thread Group 1-86
2020-06-19 11:23:04,801 INFO o.a.j.t.JMeterThread: Thread is done: Thread Group 1-176
2020-06-19 11:23:04,801 INFO o.a.j.t.JMeterThread: Thread is done: Thread Group 1-197
2020-06-19 11:23:04,801 INFO o.a.j.t.JMeterThread: Thread finished: Thread Group 1-176
2020-06-19 11:23:04,801 INFO o.a.j.t.JMeterThread: Thread finished: Thread Group 1-197
2020-06-19 11:23:04,808 INFO o.a.j.t.JMeterThread: Thread is done: Thread Group 1-192
2020-06-19 11:23:04,808 INFO o.a.j.t.JMeterThread: Thread is done: Thread Group 1-178
2020-06-19 11:23:04,808 INFO o.a.j.t.JMeterThread: Thread finished: Thread Group 1-192
2020-06-19 11:23:04,808 INFO o.a.j.t.JMeterThread: Thread finished: Thread Group 1-178
2020-06-19 11:23:04,809 INFO o.a.j.t.JMeterThread: Thread is done: Thread Group 1-133
2020-06-19 11:23:04,809 INFO o.a.j.t.JMeterThread: Thread finished: Thread Group 1-133
2020-06-19 11:23:04,816 INFO o.a.j.t.JMeterThread: Thread is done: Thread Group 1-161
2020-06-19 11:23:04,816 INFO o.a.j.t.JMeterThread: Thread is done: Thread Group 1-195
2020-06-19 11:23:04,817 INFO o.a.j.t.JMeterThread: Thread finished: Thread Group 1-161
2020-06-19 11:23:04,817 INFO o.a.j.t.JMeterThread: Thread finished: Thread Group 1-195
2020-06-19 11:23:04,818 INFO o.a.j.t.JMeterThread: Thread is done: Thread Group 1-182
2020-06-19 11:23:04,818 INFO o.a.j.t.JMeterThread: Thread is done: Thread Group 1-116
2020-06-19 11:23:04,818 INFO o.a.j.t.JMeterThread: Thread finished: Thread Group 1-182
2020-06-19 11:23:04,818 INFO o.a.j.t.JMeterThread: Thread finished: Thread Group 1-116
2020-06-19 11:23:04,824 INFO o.a.j.t.JMeterThread: Thread is done: Thread Group 1-134
2020-06-19 11:23:04,824 INFO o.a.j.t.JMeterThread: Thread finished: Thread Group 1-134
2020-06-19 11:23:04,825 INFO o.a.j.t.JMeterThread: Thread is done: Thread Group 1-196
2020-06-19 11:23:04,825 INFO o.a.j.t.JMeterThread: Thread finished: Thread Group 1-196
2020-06-19 11:23:04,826 INFO o.a.j.t.JMeterThread: Thread is done: Thread Group 1-186
2020-06-19 11:23:04,826 INFO o.a.j.t.JMeterThread: Thread finished: Thread Group 1-186
2020-06-19 11:23:04,833 INFO o.a.j.t.JMeterThread: Thread is done: Thread Group 1-164
2020-06-19 11:23:04,833 INFO o.a.j.t.JMeterThread: Thread finished: Thread Group 1-164
2020-06-19 11:23:04,852 INFO o.a.j.t.JMeterThread: Thread is done: Thread Group 1-177
2020-06-19 11:23:04,852 INFO o.a.j.t.JMeterThread: Thread finished: Thread Group 1-177
2020-06-19 11:23:04,853 INFO o.a.j.e.StandardJMeterEngine: Notifying test listeners of end of test
2020-06-19 11:23:04,853 INFO o.a.j.r.Summariser: summary +   2149 in 00:00:05 =  445.2/s Avg:   413 Min:    11 Max:   905 Err:     0 (0.00%) Active: 0 Started: 200 Finished: 200
2020-06-19 11:23:04,854 INFO o.a.j.r.Summariser: summary =  10000 in 00:00:23 =  441.9/s Avg:   428 Min:    11 Max:  1180 Err:     0 (0.00%)
